0 info it worked if it ends with ok
1 verbose cli [ '/Users/alexanderko/.nvm/versions/node/v4.1.2/bin/node',
1 verbose cli   '/Users/alexanderko/.nvm/versions/node/v4.1.2/bin/npm',
1 verbose cli   'run',
1 verbose cli   'itest' ]
2 info using npm@3.4.0
3 info using node@v4.1.2
4 verbose run-script [ 'preitest', 'itest', 'postitest' ]
5 info lifecycle jjv@1.0.2~preitest: jjv@1.0.2
6 silly lifecycle jjv@1.0.2~preitest: no script for preitest, continuing
7 info lifecycle jjv@1.0.2~itest: jjv@1.0.2
8 verbose lifecycle jjv@1.0.2~itest: unsafe-perm in lifecycle true
9 verbose lifecycle jjv@1.0.2~itest: PATH: /Users/alexanderko/.nvm/versions/node/v4.1.2/lib/node_modules/npm/bin/node-gyp-bin:/Users/alexanderko/Sites/schema/jjv-instance/node_modules/.bin:/Users/alexanderko/.nvm/versions/node/v4.1.2/bin:/Users/alexanderko/Documents/apache-maven-3.2.5/bin:/Users/alexanderko/Documents/apache-maven-3.2.5/bin:/usr/local/bin:/usr/bin:/bin:/usr/sbin:/sbin:/Users/alexanderko/Sites/backbase/launchpad/portal/launchpad-scripts:/Users/alexanderko/Sites/backbase/launchpad/portal/launchpad-scripts
10 verbose lifecycle jjv@1.0.2~itest: CWD: /Users/alexanderko/Sites/schema/jjv-instance
11 silly lifecycle jjv@1.0.2~itest: Args: [ '-c',
11 silly lifecycle   'NODE_ENV=.build ./node_modules/.bin/mocha -R spec -d scripts/test.js' ]
12 silly lifecycle jjv@1.0.2~itest: Returned: code: 1  signal: null
13 info lifecycle jjv@1.0.2~itest: Failed to exec itest script
14 verbose stack Error: jjv@1.0.2 itest: `NODE_ENV=.build ./node_modules/.bin/mocha -R spec -d scripts/test.js`
14 verbose stack Exit status 1
14 verbose stack     at EventEmitter.<anonymous> (/Users/alexanderko/.nvm/versions/node/v4.1.2/lib/node_modules/npm/lib/utils/lifecycle.js:232:16)
14 verbose stack     at emitTwo (events.js:87:13)
14 verbose stack     at EventEmitter.emit (events.js:172:7)
14 verbose stack     at ChildProcess.<anonymous> (/Users/alexanderko/.nvm/versions/node/v4.1.2/lib/node_modules/npm/lib/utils/spawn.js:24:14)
14 verbose stack     at emitTwo (events.js:87:13)
14 verbose stack     at ChildProcess.emit (events.js:172:7)
14 verbose stack     at maybeClose (internal/child_process.js:818:16)
14 verbose stack     at Process.ChildProcess._handle.onexit (internal/child_process.js:211:5)
15 verbose pkgid jjv@1.0.2
16 verbose cwd /Users/alexanderko/Sites/schema/jjv-instance
17 error Darwin 15.0.0
18 error argv "/Users/alexanderko/.nvm/versions/node/v4.1.2/bin/node" "/Users/alexanderko/.nvm/versions/node/v4.1.2/bin/npm" "run" "itest"
19 error node v4.1.2
20 error npm  v3.4.0
21 error code ELIFECYCLE
22 error jjv@1.0.2 itest: `NODE_ENV=.build ./node_modules/.bin/mocha -R spec -d scripts/test.js`
22 error Exit status 1
23 error Failed at the jjv@1.0.2 itest script 'NODE_ENV=.build ./node_modules/.bin/mocha -R spec -d scripts/test.js'.
23 error Make sure you have the latest version of node.js and npm installed.
23 error If you do, this is most likely a problem with the jjv package,
23 error not with npm itself.
23 error Tell the author that this fails on your system:
23 error     NODE_ENV=.build ./node_modules/.bin/mocha -R spec -d scripts/test.js
23 error You can get their info via:
23 error     npm owner ls jjv
23 error There is likely additional logging output above.
24 verbose exit [ 1, true ]
